{"/Users/kostyden/source/kostyden/twenty-four/twenty-four-webapp/src/app.js": {"path":"/Users/kostyden/source/kostyden/twenty-four/twenty-four-webapp/src/app.js","statementMap":{"0":{"start":{"line":3,"column":4},"end":{"line":3,"column":34}}},"fnMap":{"0":{"name":"(anonymous_0)","decl":{"start":{"line":2,"column":2},"end":{"line":2,"column":3}},"loc":{"start":{"line":2,"column":16},"end":{"line":4,"column":3}},"line":2}},"branchMap":{},"s":{"0":1},"f":{"0":1},"b":{},"_coverageSchema":"332fd63041d2c1bcb487cc26dd0d5f7d97098a6c","hash":"9aa8da4a175081e86d9ac34cfa08d757bf4ea5a3"}
,"/Users/kostyden/source/kostyden/twenty-four/twenty-four-webapp/src/main.js": {"path":"/Users/kostyden/source/kostyden/twenty-four/twenty-four-webapp/src/main.js","statementMap":{"0":{"start":{"line":1,"column":0},"end":{"line":null,"column":-1}},"1":{"start":{"line":2,"column":0},"end":{"line":null,"column":-1}},"2":{"start":{"line":4,"column":0},"end":{"line":null,"column":-1}},"3":{"start":{"line":7,"column":0},"end":{"line":null,"column":-1}},"4":{"start":{"line":10,"column":2},"end":{"line":null,"column":-1}},"5":{"start":{"line":21,"column":2},"end":{"line":23,"column":3}},"6":{"start":{"line":22,"column":4},"end":{"line":null,"column":-1}},"7":{"start":{"line":25,"column":2},"end":{"line":27,"column":3}},"8":{"start":{"line":26,"column":4},"end":{"line":null,"column":-1}},"9":{"start":{"line":29,"column":2},"end":{"line":null,"column":-1}},"10":{"start":{"line":29,"column":29},"end":{"line":29,"column":2}}},"fnMap":{"0":{"name":"configure","decl":{"start":{"line":9,"column":16},"end":{"line":9,"column":7}},"loc":{"start":{"line":9,"column":35},"end":{"line":30,"column":1}}},"1":{"name":"(anonymous_3)","decl":{"start":{"line":29,"column":23},"end":{"line":29,"column":28}},"loc":{"start":{"line":29,"column":29},"end":{"line":29,"column":2}}}},"branchMap":{"0":{"loc":{"start":{"line":21,"column":2},"end":{"line":23,"column":3}},"type":"if","locations":[{"start":{"line":21,"column":2},"end":{"line":23,"column":3}},{"start":{"line":21,"column":2},"end":{"line":23,"column":3}}]},"1":{"loc":{"start":{"line":25,"column":2},"end":{"line":27,"column":3}},"type":"if","locations":[{"start":{"line":25,"column":2},"end":{"line":27,"column":3}},{"start":{"line":25,"column":2},"end":{"line":27,"column":3}}]}},"s":{"0":0,"1":0,"2":0,"3":0,"4":0,"5":0,"6":0,"7":0,"8":0,"9":0,"10":0},"f":{"0":0,"1":0},"b":{"0":[0,0],"1":[0,0]}}
,"/Users/kostyden/source/kostyden/twenty-four/twenty-four-webapp/src/resources/index.js": {"path":"/Users/kostyden/source/kostyden/twenty-four/twenty-four-webapp/src/resources/index.js","statementMap":{},"fnMap":{"0":{"name":"configure","decl":{"start":{"line":1,"column":16},"end":{"line":1,"column":7}},"loc":{"start":{"line":1,"column":34},"end":{"line":3,"column":1}}}},"branchMap":{},"s":{},"f":{"0":0},"b":{}}
}
