TN:
SF:/Users/kostyden/source/kostyden/twenty-four/twenty-four-webapp/src/app.js
FN:2,(anonymous_0)
FNF:1
FNH:1
FNDA:1,(anonymous_0)
DA:3,1
LF:1
LH:1
BRF:0
BRH:0
end_of_record
TN:
SF:/Users/kostyden/source/kostyden/twenty-four/twenty-four-webapp/src/main.js
FN:9,configure
FN:29,(anonymous_3)
FNF:2
FNH:0
FNDA:0,configure
FNDA:0,(anonymous_3)
DA:1,0
DA:2,0
DA:4,0
DA:7,0
DA:10,0
DA:21,0
DA:22,0
DA:25,0
DA:26,0
DA:29,0
LF:10
LH:0
BRDA:21,0,0,0
BRDA:21,0,1,0
BRDA:25,1,0,0
BRDA:25,1,1,0
BRF:4
BRH:0
end_of_record
TN:
SF:/Users/kostyden/source/kostyden/twenty-four/twenty-four-webapp/src/resources/index.js
FN:1,configure
FNF:1
FNH:0
FNDA:0,configure
LF:0
LH:0
BRF:0
BRH:0
end_of_record
